GROUP,PACKAGE,CLASS,INSTRUCTION_MISSED,INSTRUCTION_COVERED,BRANCH_MISSED,BRANCH_COVERED,LINE_MISSED,LINE_COVERED,COMPLEXITY_MISSED,COMPLEXITY_COVERED,METHOD_MISSED,METHOD_COVERED
spring-cinestream,com.tech.ada.spring_cinestream.config,SecurityFilter,57,52,11,5,11,16,8,5,0,5
spring-cinestream,com.tech.ada.spring_cinestream.config,CacheConfig,0,19,0,0,0,7,0,3,0,3
spring-cinestream,com.tech.ada.spring_cinestream.config,CorsConfig,0,33,0,0,0,9,0,2,0,2
spring-cinestream,com.tech.ada.spring_cinestream.config,SecurityConfig,0,129,0,0,0,20,0,6,0,6
spring-cinestream,com.tech.ada.spring_cinestream.config,RestTemplateConfig,0,7,0,0,0,2,0,2,0,2
spring-cinestream,com.tech.ada.spring_cinestream.client.tmdbapi,ApiClient.new ParameterizedTypeReference() {...},3,0,0,0,1,0,1,0,1,0
spring-cinestream,com.tech.ada.spring_cinestream.client.tmdbapi,ApiClient.new ParameterizedTypeReference() {...},3,0,0,0,1,0,1,0,1,0
spring-cinestream,com.tech.ada.spring_cinestream.client.tmdbapi,ApiClient,262,16,0,0,39,6,15,1,15,1
spring-cinestream,com.tech.ada.spring_cinestream.client.tmdbapi,ApiClient.new ParameterizedTypeReference() {...},3,0,0,0,1,0,1,0,1,0
spring-cinestream,com.tech.ada.spring_cinestream.client.tmdbapi,ApiClient.new ParameterizedTypeReference() {...},3,0,0,0,1,0,1,0,1,0
spring-cinestream,com.tech.ada.spring_cinestream.dto.token,TokenResult,9,0,0,0,1,0,1,0,1,0
spring-cinestream,com.tech.ada.spring_cinestream,SpringCinestreamApplication,5,3,0,0,2,1,1,1,1,1
spring-cinestream,com.tech.ada.spring_cinestream.dto.request,SerieFavoritaRequest,26,0,0,0,11,0,6,0,6,0
spring-cinestream,com.tech.ada.spring_cinestream.dto.request,FilmeRequest,16,0,0,0,7,0,4,0,4,0
spring-cinestream,com.tech.ada.spring_cinestream.dto.request,LoginRequest,0,9,0,0,0,1,0,1,0,1
spring-cinestream,com.tech.ada.spring_cinestream.dto.request,UsuarioRequest,31,0,0,0,13,0,9,0,9,0
spring-cinestream,com.tech.ada.spring_cinestream.dto.request,SerieRequest,16,0,0,0,7,0,4,0,4,0
spring-cinestream,com.tech.ada.spring_cinestream.dto.request,FilmeFavoritoRequest,26,0,0,0,11,0,6,0,6,0
spring-cinestream,com.tech.ada.spring_cinestream.dto.mapping,UsuarioMapper,88,3,0,0,24,1,3,1,3,1
spring-cinestream,com.tech.ada.spring_cinestream.controller,AuthController,10,49,0,2,2,10,1,3,1,2
spring-cinestream,com.tech.ada.spring_cinestream.controller,UsuarioController,148,6,0,0,37,3,5,1,5,1
spring-cinestream,com.tech.ada.spring_cinestream.controller,SerieController,6,6,0,0,1,3,1,1,1,1
spring-cinestream,com.tech.ada.spring_cinestream.controller,AdviceController,27,3,0,0,3,1,3,1,3,1
spring-cinestream,com.tech.ada.spring_cinestream.controller,FilmeController,6,6,0,0,1,3,1,1,1,1
spring-cinestream,com.tech.ada.spring_cinestream.exception,AlreadyFavouriteException,3,0,0,0,2,0,1,0,1,0
spring-cinestream,com.tech.ada.spring_cinestream.exception,NotFoundException,7,0,0,0,4,0,2,0,2,0
spring-cinestream,com.tech.ada.spring_cinestream.exception,AlreadyExistsException,4,0,0,0,2,0,1,0,1,0
spring-cinestream,com.tech.ada.spring_cinestream.exception,ApiClientException,5,0,0,0,2,0,1,0,1,0
spring-cinestream,com.tech.ada.spring_cinestream.exception,AuthenticationFailedException,0,4,0,0,0,2,0,1,0,1
spring-cinestream,com.tech.ada.spring_cinestream.model,SerieFavorita,34,3,0,0,14,1,8,1,8,1
spring-cinestream,com.tech.ada.spring_cinestream.model,Usuario,171,10,4,0,50,4,25,3,23,3
spring-cinestream,com.tech.ada.spring_cinestream.model,Token,24,3,0,0,9,2,5,1,5,1
spring-cinestream,com.tech.ada.spring_cinestream.model,FilmeFavorito,34,3,0,0,14,1,8,1,8,1
spring-cinestream,com.tech.ada.spring_cinestream.dto.response,UsuarioResponse,66,0,0,0,28,0,14,0,14,0
spring-cinestream,com.tech.ada.spring_cinestream.dto.response,ErrorResponse,25,0,0,0,11,0,5,0,5,0
spring-cinestream,com.tech.ada.spring_cinestream.dto.response,LoginResponse,0,9,0,0,0,1,0,1,0,1
spring-cinestream,com.tech.ada.spring_cinestream.client.tmdbapi.dto.response,Page,46,0,0,0,20,0,10,0,10,0
spring-cinestream,com.tech.ada.spring_cinestream.client.tmdbapi.dto.response,TmdbGenero,26,0,0,0,11,0,6,0,6,0
spring-cinestream,com.tech.ada.spring_cinestream.client.tmdbapi.dto.response,TmdbSerie,105,0,2,0,38,0,21,0,20,0
spring-cinestream,com.tech.ada.spring_cinestream.client.tmdbapi.dto.response,TmdbListaGeneros,16,0,0,0,7,0,4,0,4,0
spring-cinestream,com.tech.ada.spring_cinestream.client.tmdbapi.dto.response,TmdbFilme,85,0,2,0,30,0,17,0,16,0
spring-cinestream,com.tech.ada.spring_cinestream.service,UsuarioService,210,0,14,0,41,0,20,0,13,0
spring-cinestream,com.tech.ada.spring_cinestream.service,SerieService,6,6,0,0,1,3,1,1,1,1
spring-cinestream,com.tech.ada.spring_cinestream.service,FilmeService,6,6,0,0,1,3,1,1,1,1
spring-cinestream,com.tech.ada.spring_cinestream.service,CustomUserDetailsService,23,6,0,0,4,3,1,1,1,1
spring-cinestream,com.tech.ada.spring_cinestream.service,JWTService,114,0,6,0,35,0,9,0,6,0
