<?xml version="1.0" encoding="UTF-8"?>
<testsuite xmlns:xsi="http://www.w3.org/2001/XMLSchema-instance" xsi:noNamespaceSchemaLocation="https://maven.apache.org/surefire/maven-surefire-plugin/xsd/surefire-test-report-3.0.xsd" version="3.0" name="com.tech.ada.spring_cinestream.repository.TokenRepositoryTest" time="0.467" tests="4" errors="0" skipped="0" failures="0">
  <properties>
[...]
</properties>
  <testcase name="tokenNaoCadastrado_existePorToken_deveRetornarFalse" classname="com.tech.ada.spring_cinestream.repository.TokenRepositoryTest" time="0.368">
    <system-out><![CDATA[2024-12-02T17:09:04.243-03:00  INFO 11012 --- [spring-cinestream] [           main] t.c.s.AnnotationConfigContextLoaderUtils : Could not detect default configuration classes for test class [com.tech.ada.spring_cinestream.repository.TokenRepositoryTest]: TokenRepositoryTest does not declare any static, non-private, non-final, nested classes annotated with @Configuration.
2024-12-02T17:09:04.245-03:00  INFO 11012 --- [spring-cinestream] [           main] .b.t.c.SpringBootTestContextBootstrapper : Found @SpringBootConfiguration com.tech.ada.spring_cinestream.SpringCinestreamApplication for test class com.tech.ada.spring_cinestream.repository.TokenRepositoryTest
Hibernate: insert into token (expiration_date,token,usuario_id) values (?,?,?) returning id
Hibernate: select count(*) from token t1_0 where t1_0.id=?
Hibernate: select t1_0.id,t1_0.expiration_date,t1_0.token,u1_0.id,u1_0.email,u1_0.nome,u1_0.senha,u1_0.username,ff1_0.usuario_id,ff1_0.id,ff1_0.tmdb_id,ff1_0.overview,ff1_0.poster_path,ff1_0.release_date,ff1_0.title,ff1_0.vote_average from token t1_0 left join usuario u1_0 on u1_0.id=t1_0.usuario_id left join filme_favorito ff1_0 on u1_0.id=ff1_0.usuario_id where t1_0.id=?
Hibernate: delete from token where id=?
]]></system-out>
  </testcase>
  <testcase name="tokenJaCadastrado_existePorToken_deveRetornarTrue" classname="com.tech.ada.spring_cinestream.repository.TokenRepositoryTest" time="0.021">
    <system-out><![CDATA[Hibernate: insert into token (expiration_date,token,usuario_id) values (?,?,?) returning id
Hibernate: select count(*) from token t1_0 where t1_0.id=?
Hibernate: select t1_0.id,t1_0.expiration_date,t1_0.token,u1_0.id,u1_0.email,u1_0.nome,u1_0.senha,u1_0.username,ff1_0.usuario_id,ff1_0.id,ff1_0.tmdb_id,ff1_0.overview,ff1_0.poster_path,ff1_0.release_date,ff1_0.title,ff1_0.vote_average from token t1_0 left join usuario u1_0 on u1_0.id=t1_0.usuario_id left join filme_favorito ff1_0 on u1_0.id=ff1_0.usuario_id where t1_0.id=?
Hibernate: delete from token where id=?
]]></system-out>
  </testcase>
  <testcase name="tokenNaoCadastrado_encontrarPorToken_deveRetornarVazio" classname="com.tech.ada.spring_cinestream.repository.TokenRepositoryTest" time="0.05">
    <system-out><![CDATA[Hibernate: insert into token (expiration_date,token,usuario_id) values (?,?,?) returning id
Hibernate: select t1_0.id,t1_0.expiration_date,t1_0.token,t1_0.usuario_id from token t1_0 where t1_0.token=?
Hibernate: select t1_0.id,t1_0.expiration_date,t1_0.token,u1_0.id,u1_0.email,u1_0.nome,u1_0.senha,u1_0.username,ff1_0.usuario_id,ff1_0.id,ff1_0.tmdb_id,ff1_0.overview,ff1_0.poster_path,ff1_0.release_date,ff1_0.title,ff1_0.vote_average from token t1_0 left join usuario u1_0 on u1_0.id=t1_0.usuario_id left join filme_favorito ff1_0 on u1_0.id=ff1_0.usuario_id where t1_0.id=?
Hibernate: delete from token where id=?
]]></system-out>
  </testcase>
  <testcase name="tokenJaCadastrado_encontrarPorToken_deveRetornarToken" classname="com.tech.ada.spring_cinestream.repository.TokenRepositoryTest" time="0.019">
    <system-out><![CDATA[Hibernate: insert into token (expiration_date,token,usuario_id) values (?,?,?) returning id
Hibernate: select t1_0.id,t1_0.expiration_date,t1_0.token,t1_0.usuario_id from token t1_0 where t1_0.token=?
Hibernate: select t1_0.id,t1_0.expiration_date,t1_0.token,u1_0.id,u1_0.email,u1_0.nome,u1_0.senha,u1_0.username,ff1_0.usuario_id,ff1_0.id,ff1_0.tmdb_id,ff1_0.overview,ff1_0.poster_path,ff1_0.release_date,ff1_0.title,ff1_0.vote_average from token t1_0 left join usuario u1_0 on u1_0.id=t1_0.usuario_id left join filme_favorito ff1_0 on u1_0.id=ff1_0.usuario_id where t1_0.id=?
Hibernate: delete from token where id=?
]]></system-out>
  </testcase>
</testsuite>